["10:49:1.974","Server listening on port 8001"]
["10:49:3.697","Database connection: OK"]
["10:49:5.926",{"ok":0,"errmsg":"user is not allowed to do action [find] on [aa_chat_db.messages]","code":8000,"codeName":"AtlasError","name":"MongoError"}]
["10:56:34.458","Server listening on port 8001"]
["10:56:35.719","Database connection: OK"]
["10:56:46.204","GET / - 1ms"]
["10:56:46.249","GET /css/styles.css - 0ms"]
["10:56:46.267","GET /images/la-landscape-white.png - 0ms"]
["10:56:46.644","GET /favicon.ico - 0ms"]
["10:57:8.331","GET /chat - 0ms"]
["10:57:8.352","GET /css/styles.css - 0ms"]
["10:57:8.354","GET /css/analytics.css - 0ms"]
["10:57:8.357","GET /css/chat.css - 1ms"]
["10:57:8.357","GET /js/chat.js - 0ms"]
["10:57:9.30","GET /chat/messages - 0ms"]
["10:57:17.369","GET /images/avatar.svg - 0ms"]
["10:57:53.216","GET /css/styles.css - 0ms"]
["10:57:53.216","GET /css/analytics.css - 0ms"]
["10:57:53.216","GET /css/chat.css - 0ms"]
["10:58:31.189","GET /chat - 0ms"]
["10:58:31.213","GET /css/styles.css - 0ms"]
["10:58:31.214","GET /css/analytics.css - 0ms"]
["10:58:31.218","GET /css/chat.css - 1ms"]
["10:58:31.218","GET /js/chat.js - 0ms"]
["10:58:31.395","GET /chat/messages - 0ms"]
["10:58:31.553","GET /images/avatar.svg - 1ms"]
["11:5:42.126","GET /chat - 0ms"]
["11:5:42.147","GET /css/styles.css - 0ms"]
["11:5:42.151","GET /css/analytics.css - 0ms"]
["11:5:42.152","GET /css/chat.css - 1ms"]
["11:5:42.152","GET /js/chat.js - 0ms"]
["11:5:42.348","GET /chat/messages - 1ms"]
["11:5:43.491","GET /images/avatar.svg - 0ms"]
["11:6:53.920","GET /chat - 1ms"]
["11:6:53.938","GET /css/styles.css - 0ms"]
["11:6:53.939","GET /css/analytics.css - 0ms"]
["11:6:53.943","GET /css/chat.css - 1ms"]
["11:6:53.943","GET /js/chat.js - 0ms"]
["11:6:54.138","GET /chat/messages - 0ms"]
["11:6:54.282","GET /images/avatar.svg - 0ms"]
["11:7:6.228","GET /chat - 0ms"]
["11:7:6.264","GET /css/styles.css - 0ms"]
["11:7:6.268","GET /css/analytics.css - 0ms"]
["11:7:6.270","GET /css/chat.css - 0ms"]
["11:7:6.271","GET /js/chat.js - 0ms"]
["11:7:6.443","GET /chat/messages - 0ms"]
["11:7:6.586","GET /images/avatar.svg - 0ms"]
["11:7:25.634","GET /chat - 0ms"]
["11:7:25.640","GET /css/styles.css - 0ms"]
["11:7:25.642","GET /css/analytics.css - 0ms"]
["11:7:25.643","GET /css/chat.css - 0ms"]
["11:7:25.643","GET /js/chat.js - 0ms"]
["11:7:25.960","GET /chat/messages - 1ms"]
["11:7:26.14","GET /favicon.ico - 0ms"]
["11:7:26.105","GET /images/avatar.svg - 0ms"]
["11:7:56.544",{"ok":0,"errmsg":"user is not allowed to do action [insert] on [aa_nws_db.messages]","code":8000,"codeName":"AtlasError","name":"MongoError"}]
["11:8:20.776","Server listening on port 8001"]
["11:8:21.936","Database connection: OK"]
["11:8:24.449","GET /chat - 0ms"]
["11:8:24.474","GET /css/styles.css - 0ms"]
["11:8:24.475","GET /css/analytics.css - 0ms"]
["11:8:24.478","GET /css/chat.css - 1ms"]
["11:8:24.479","GET /js/chat.js - 0ms"]
["11:8:24.647","GET /chat/messages - 0ms"]
["11:8:24.796","GET /images/avatar.svg - 0ms"]
["11:8:29.186","GET /chat - 1ms"]
["11:8:29.197","GET /css/styles.css - 0ms"]
["11:8:29.197","GET /css/analytics.css - 0ms"]
["11:8:29.198","GET /css/chat.css - 0ms"]
["11:8:29.198","GET /js/chat.js - 0ms"]
["11:8:29.198","GET /images/avatar.svg - 0ms"]
["11:8:29.201","GET /css/styles.css - 0ms"]
["11:8:29.202","GET /css/analytics.css - 0ms"]
["11:8:29.202","GET /css/chat.css - 0ms"]
["11:8:29.202","GET /js/chat.js - 0ms"]
["11:8:29.687","GET /chat/messages - 0ms"]
["11:8:29.833","GET /images/avatar.svg - 0ms"]
["11:8:38.987",{"ok":0,"errmsg":"user is not allowed to do action [insert] on [aa_nws_db.messages]","code":8000,"codeName":"AtlasError","name":"MongoError"}]
["11:9:15.322","Server listening on port 8001"]
["11:9:15.952","GET /chat - 1ms"]
["11:9:15.992","GET /css/styles.css - 0ms"]
["11:9:15.997","GET /css/analytics.css - 0ms"]
["11:9:15.998","GET /css/chat.css - 0ms"]
["11:9:16.1","GET /js/chat.js - 0ms"]
["11:9:16.207","GET /chat/messages - 0ms"]
["11:9:16.279","Database connection: OK"]
["11:9:17.283","GET /images/avatar.svg - 0ms"]
["11:9:23.20","GET /chat - 0ms"]
["11:9:23.27","GET /css/styles.css - 0ms"]
["11:9:23.30","GET /css/analytics.css - 0ms"]
["11:9:23.31","GET /css/styles.css - 0ms"]
["11:9:23.32","GET /css/chat.css - 0ms"]
["11:9:23.32","GET /js/chat.js - 0ms"]
["11:9:23.33","GET /images/avatar.svg - 1ms"]
["11:9:23.34","GET /css/analytics.css - 0ms"]
["11:9:23.35","GET /css/chat.css - 0ms"]
["11:9:23.36","GET /js/chat.js - 0ms"]
["11:9:23.46","GET /chat/messages - 0ms"]
["11:9:23.201","GET /images/avatar.svg - 0ms"]
["11:9:31.176","GET /images/avatar.svg - 0ms"]
["11:10:1.784","GET /images/avatar.svg - 0ms"]
["11:10:24.862","GET /images/avatar.svg - 0ms"]
["11:11:35.311","GET /chat - 0ms"]
["11:11:35.337","GET /css/styles.css - 0ms"]
["11:11:35.341","GET /css/analytics.css - 0ms"]
["11:11:35.342","GET /css/chat.css - 0ms"]
["11:11:35.343","GET /js/chat.js - 0ms"]
["11:11:35.509","GET /chat/messages - 0ms"]
["11:11:35.656","GET /images/avatar.svg - 0ms"]
["11:11:46.966","GET / - 0ms"]
["11:11:46.971","GET /css/styles.css - 0ms"]
["11:11:46.974","GET /images/la-landscape-white.png - 0ms"]
["11:11:46.986","GET /favicon.ico - 0ms"]
["11:11:50.185","GET /css/styles.css - 0ms"]
["11:11:50.186","GET /css/analytics.css - 0ms"]
["11:11:50.187","GET /css/chat.css - 0ms"]
["11:11:50.187","GET /js/chat.js - 0ms"]
["11:11:50.187","GET /images/avatar.svg - 0ms"]
["11:11:50.188","GET /chat - 0ms"]
["11:11:50.552","GET /chat/messages - 0ms"]
["11:11:53.21","GET /images/avatar.svg - 0ms"]
["11:11:55.877","GET /images/avatar.svg - 0ms"]
["11:11:59.846","GET /images/avatar.svg - 0ms"]
["11:12:2.388","GET /images/avatar.svg - 0ms"]
